<?xml version="1.0" encoding="UTF-8"?>
<coverage generated="1638610479523" clover="3.2.0">
  <project timestamp="1638610479524" name="All files">
    <metrics statements="70" coveredstatements="20" conditionals="24" coveredconditionals="11" methods="10" coveredmethods="5" elements="104" coveredelements="36" complexity="0" loc="70" ncloc="70" packages="1" files="1" classes="1"/>
    <file name="RecipeCard.js" path="C:\Users\padun\Desktop\CSE 110\Team\cse110-fa21-group15\source\assets\scripts\RecipeCard.js">
      <metrics statements="70" coveredstatements="20" conditionals="24" coveredconditionals="11" methods="10" coveredmethods="5"/>
      <line num="6" count="0" type="stmt"/>
      <line num="8" count="0" type="stmt"/>
      <line num="13" count="0" type="stmt"/>
      <line num="14" count="0" type="stmt"/>
      <line num="81" count="0" type="stmt"/>
      <line num="84" count="0" type="stmt"/>
      <line num="98" count="0" type="stmt"/>
      <line num="101" count="0" type="stmt"/>
      <line num="102" count="0" type="stmt"/>
      <line num="103" count="0" type="stmt"/>
      <line num="105" count="0" type="stmt"/>
      <line num="106" count="0" type="stmt"/>
      <line num="109" count="0" type="stmt"/>
      <line num="110" count="0" type="stmt"/>
      <line num="111" count="0" type="stmt"/>
      <line num="112" count="0" type="stmt"/>
      <line num="113" count="0" type="stmt"/>
      <line num="116" count="0" type="stmt"/>
      <line num="117" count="0" type="stmt"/>
      <line num="118" count="0" type="stmt"/>
      <line num="119" count="0" type="stmt"/>
      <line num="120" count="0" type="stmt"/>
      <line num="122" count="0" type="stmt"/>
      <line num="123" count="0" type="stmt"/>
      <line num="126" count="0" type="stmt"/>
      <line num="127" count="0" type="stmt"/>
      <line num="128" count="0" type="stmt"/>
      <line num="129" count="0" type="stmt"/>
      <line num="130" count="0" type="stmt"/>
      <line num="132" count="0" type="stmt"/>
      <line num="148" count="180" type="stmt"/>
      <line num="149" count="632" type="cond" truecount="2" falsecount="0"/>
      <line num="150" count="16" type="stmt"/>
      <line num="151" count="16" type="stmt"/>
      <line num="153" count="616" type="cond" truecount="4" falsecount="0"/>
      <line num="154" count="164" type="stmt"/>
      <line num="155" count="164" type="stmt"/>
      <line num="158" count="180" type="stmt"/>
      <line num="167" count="2" type="cond" truecount="1" falsecount="1"/>
      <line num="168" count="0" type="cond" truecount="0" falsecount="2"/>
      <line num="169" count="0" type="stmt"/>
      <line num="170" count="0" type="cond" truecount="0" falsecount="2"/>
      <line num="173" count="0" type="stmt"/>
      <line num="183" count="2" type="cond" truecount="1" falsecount="1"/>
      <line num="184" count="0" type="cond" truecount="0" falsecount="2"/>
      <line num="185" count="0" type="stmt"/>
      <line num="186" count="0" type="cond" truecount="0" falsecount="2"/>
      <line num="187" count="0" type="stmt"/>
      <line num="191" count="0" type="stmt"/>
      <line num="201" count="2" type="stmt"/>
      <line num="204" count="2" type="stmt"/>
      <line num="206" count="2" type="stmt"/>
      <line num="207" count="2" type="cond" truecount="1" falsecount="1"/>
      <line num="208" count="2" type="stmt"/>
      <line num="209" count="4" type="cond" truecount="2" falsecount="0"/>
      <line num="210" count="2" type="stmt"/>
      <line num="212" count="2" type="stmt"/>
      <line num="216" count="0" type="stmt"/>
      <line num="217" count="0" type="cond" truecount="0" falsecount="2"/>
      <line num="218" count="0" type="stmt"/>
      <line num="220" count="0" type="stmt"/>
      <line num="223" count="0" type="stmt"/>
      <line num="234" count="0" type="stmt"/>
      <line num="246" count="0" type="stmt"/>
      <line num="249" count="0" type="stmt"/>
      <line num="250" count="0" type="stmt"/>
      <line num="251" count="0" type="stmt"/>
      <line num="255" count="0" type="stmt"/>
      <line num="259" count="1" type="stmt"/>
      <line num="263" count="1" type="stmt"/>
    </file>
  </project>
</coverage>
