{"C:\\Users\\padun\\Desktop\\CSE 110\\Team\\cse110-fa21-group15\\source\\assets\\scripts\\RecipeCard.js": {"path":"C:\\Users\\padun\\Desktop\\CSE 110\\Team\\cse110-fa21-group15\\source\\assets\\scripts\\RecipeCard.js","statementMap":{"0":{"start":{"line":6,"column":8},"end":{"line":6,"column":16}},"1":{"start":{"line":8,"column":8},"end":{"line":8,"column":42}},"2":{"start":{"line":13,"column":26},"end":{"line":13,"column":57}},"3":{"start":{"line":14,"column":23},"end":{"line":80,"column":9}},"4":{"start":{"line":81,"column":8},"end":{"line":81,"column":37}},"5":{"start":{"line":84,"column":21},"end":{"line":84,"column":54}},"6":{"start":{"line":98,"column":8},"end":{"line":98,"column":47}},"7":{"start":{"line":101,"column":22},"end":{"line":101,"column":51}},"8":{"start":{"line":102,"column":26},"end":{"line":102,"column":53}},"9":{"start":{"line":103,"column":8},"end":{"line":103,"column":47}},"10":{"start":{"line":105,"column":8},"end":{"line":105,"column":57}},"11":{"start":{"line":106,"column":8},"end":{"line":106,"column":32}},"12":{"start":{"line":109,"column":22},"end":{"line":109,"column":50}},"13":{"start":{"line":110,"column":8},"end":{"line":110,"column":37}},"14":{"start":{"line":111,"column":26},"end":{"line":111,"column":52}},"15":{"start":{"line":112,"column":8},"end":{"line":112,"column":38}},"16":{"start":{"line":113,"column":8},"end":{"line":113,"column":32}},"17":{"start":{"line":116,"column":28},"end":{"line":116,"column":55}},"18":{"start":{"line":117,"column":8},"end":{"line":117,"column":49}},"19":{"start":{"line":118,"column":33},"end":{"line":118,"column":67}},"20":{"start":{"line":119,"column":8},"end":{"line":119,"column":51}},"21":{"start":{"line":120,"column":8},"end":{"line":120,"column":38}},"22":{"start":{"line":122,"column":17},"end":{"line":122,"column":45}},"23":{"start":{"line":123,"column":8},"end":{"line":123,"column":29}},"24":{"start":{"line":126,"column":21},"end":{"line":126,"column":48}},"25":{"start":{"line":127,"column":8},"end":{"line":127,"column":35}},"26":{"start":{"line":128,"column":26},"end":{"line":128,"column":51}},"27":{"start":{"line":129,"column":8},"end":{"line":129,"column":48}},"28":{"start":{"line":130,"column":8},"end":{"line":130,"column":31}},"29":{"start":{"line":132,"column":8},"end":{"line":132,"column":42}},"30":{"start":{"line":148,"column":4},"end":{"line":157,"column":7}},"31":{"start":{"line":149,"column":8},"end":{"line":152,"column":9}},"32":{"start":{"line":150,"column":12},"end":{"line":150,"column":30}},"33":{"start":{"line":151,"column":12},"end":{"line":151,"column":24}},"34":{"start":{"line":153,"column":8},"end":{"line":156,"column":9}},"35":{"start":{"line":154,"column":12},"end":{"line":154,"column":49}},"36":{"start":{"line":155,"column":12},"end":{"line":155,"column":39}},"37":{"start":{"line":158,"column":4},"end":{"line":158,"column":17}},"38":{"start":{"line":167,"column":4},"end":{"line":167,"column":34}},"39":{"start":{"line":167,"column":18},"end":{"line":167,"column":34}},"40":{"start":{"line":168,"column":4},"end":{"line":172,"column":5}},"41":{"start":{"line":169,"column":8},"end":{"line":171,"column":9}},"42":{"start":{"line":169,"column":21},"end":{"line":169,"column":22}},"43":{"start":{"line":170,"column":12},"end":{"line":170,"column":89}},"44":{"start":{"line":170,"column":57},"end":{"line":170,"column":89}},"45":{"start":{"line":173,"column":4},"end":{"line":173,"column":16}},"46":{"start":{"line":183,"column":4},"end":{"line":183,"column":56}},"47":{"start":{"line":183,"column":29},"end":{"line":183,"column":56}},"48":{"start":{"line":184,"column":4},"end":{"line":190,"column":5}},"49":{"start":{"line":185,"column":8},"end":{"line":189,"column":9}},"50":{"start":{"line":185,"column":21},"end":{"line":185,"column":22}},"51":{"start":{"line":186,"column":12},"end":{"line":188,"column":13}},"52":{"start":{"line":187,"column":16},"end":{"line":187,"column":46}},"53":{"start":{"line":191,"column":0},"end":{"line":191,"column":12}},"54":{"start":{"line":201,"column":18},"end":{"line":201,"column":20}},"55":{"start":{"line":204,"column":4},"end":{"line":204,"column":25}},"56":{"start":{"line":206,"column":18},"end":{"line":206,"column":32}},"57":{"start":{"line":207,"column":4},"end":{"line":222,"column":5}},"58":{"start":{"line":208,"column":8},"end":{"line":213,"column":9}},"59":{"start":{"line":208,"column":21},"end":{"line":208,"column":22}},"60":{"start":{"line":209,"column":12},"end":{"line":211,"column":13}},"61":{"start":{"line":210,"column":16},"end":{"line":210,"column":39}},"62":{"start":{"line":212,"column":12},"end":{"line":212,"column":34}},"63":{"start":{"line":216,"column":8},"end":{"line":221,"column":9}},"64":{"start":{"line":216,"column":21},"end":{"line":216,"column":22}},"65":{"start":{"line":217,"column":12},"end":{"line":219,"column":13}},"66":{"start":{"line":218,"column":16},"end":{"line":218,"column":40}},"67":{"start":{"line":220,"column":12},"end":{"line":220,"column":34}},"68":{"start":{"line":223,"column":4},"end":{"line":223,"column":14}},"69":{"start":{"line":234,"column":30},"end":{"line":234,"column":32}},"70":{"start":{"line":246,"column":8},"end":{"line":246,"column":57}},"71":{"start":{"line":249,"column":4},"end":{"line":252,"column":7}},"72":{"start":{"line":250,"column":8},"end":{"line":250,"column":58}},"73":{"start":{"line":251,"column":8},"end":{"line":251,"column":49}},"74":{"start":{"line":255,"column":4},"end":{"line":255,"column":44}},"75":{"start":{"line":259,"column":0},"end":{"line":259,"column":70}},"76":{"start":{"line":263,"column":0},"end":{"line":263,"column":49}}},"fnMap":{"0":{"name":"(anonymous_0)","decl":{"start":{"line":4,"column":4},"end":{"line":4,"column":5}},"loc":{"start":{"line":4,"column":18},"end":{"line":9,"column":5}},"line":4},"1":{"name":"(anonymous_1)","decl":{"start":{"line":11,"column":4},"end":{"line":11,"column":5}},"loc":{"start":{"line":11,"column":19},"end":{"line":133,"column":5}},"line":11},"2":{"name":"searchForKey","decl":{"start":{"line":146,"column":9},"end":{"line":146,"column":21}},"loc":{"start":{"line":146,"column":35},"end":{"line":159,"column":1}},"line":146},"3":{"name":"(anonymous_3)","decl":{"start":{"line":148,"column":29},"end":{"line":148,"column":30}},"loc":{"start":{"line":148,"column":42},"end":{"line":157,"column":5}},"line":148},"4":{"name":"getUrl","decl":{"start":{"line":166,"column":9},"end":{"line":166,"column":15}},"loc":{"start":{"line":166,"column":22},"end":{"line":174,"column":1}},"line":166},"5":{"name":"getOrganization","decl":{"start":{"line":182,"column":9},"end":{"line":182,"column":24}},"loc":{"start":{"line":182,"column":31},"end":{"line":192,"column":1}},"line":182},"6":{"name":"convertTime","decl":{"start":{"line":200,"column":9},"end":{"line":200,"column":20}},"loc":{"start":{"line":200,"column":27},"end":{"line":224,"column":1}},"line":200},"7":{"name":"createIngredientList","decl":{"start":{"line":233,"column":9},"end":{"line":233,"column":29}},"loc":{"start":{"line":233,"column":45},"end":{"line":256,"column":1}},"line":233},"8":{"name":"_removeQtyAndMeasurement","decl":{"start":{"line":245,"column":13},"end":{"line":245,"column":37}},"loc":{"start":{"line":245,"column":50},"end":{"line":247,"column":5}},"line":245},"9":{"name":"(anonymous_9)","decl":{"start":{"line":249,"column":26},"end":{"line":249,"column":27}},"loc":{"start":{"line":249,"column":42},"end":{"line":252,"column":5}},"line":249}},"branchMap":{"0":{"loc":{"start":{"line":149,"column":8},"end":{"line":152,"column":9}},"type":"if","locations":[{"start":{"line":149,"column":8},"end":{"line":152,"column":9}},{"start":{},"end":{}}],"line":149},"1":{"loc":{"start":{"line":153,"column":8},"end":{"line":156,"column":9}},"type":"if","locations":[{"start":{"line":153,"column":8},"end":{"line":156,"column":9}},{"start":{},"end":{}}],"line":153},"2":{"loc":{"start":{"line":153,"column":12},"end":{"line":153,"column":54}},"type":"binary-expr","locations":[{"start":{"line":153,"column":12},"end":{"line":153,"column":21}},{"start":{"line":153,"column":25},"end":{"line":153,"column":54}}],"line":153},"3":{"loc":{"start":{"line":167,"column":4},"end":{"line":167,"column":34}},"type":"if","locations":[{"start":{"line":167,"column":4},"end":{"line":167,"column":34}},{"start":{},"end":{}}],"line":167},"4":{"loc":{"start":{"line":168,"column":4},"end":{"line":172,"column":5}},"type":"if","locations":[{"start":{"line":168,"column":4},"end":{"line":172,"column":5}},{"start":{},"end":{}}],"line":168},"5":{"loc":{"start":{"line":170,"column":12},"end":{"line":170,"column":89}},"type":"if","locations":[{"start":{"line":170,"column":12},"end":{"line":170,"column":89}},{"start":{},"end":{}}],"line":170},"6":{"loc":{"start":{"line":183,"column":4},"end":{"line":183,"column":56}},"type":"if","locations":[{"start":{"line":183,"column":4},"end":{"line":183,"column":56}},{"start":{},"end":{}}],"line":183},"7":{"loc":{"start":{"line":184,"column":4},"end":{"line":190,"column":5}},"type":"if","locations":[{"start":{"line":184,"column":4},"end":{"line":190,"column":5}},{"start":{},"end":{}}],"line":184},"8":{"loc":{"start":{"line":186,"column":12},"end":{"line":188,"column":13}},"type":"if","locations":[{"start":{"line":186,"column":12},"end":{"line":188,"column":13}},{"start":{},"end":{}}],"line":186},"9":{"loc":{"start":{"line":207,"column":4},"end":{"line":222,"column":5}},"type":"if","locations":[{"start":{"line":207,"column":4},"end":{"line":222,"column":5}},{"start":{"line":215,"column":9},"end":{"line":222,"column":5}}],"line":207},"10":{"loc":{"start":{"line":209,"column":12},"end":{"line":211,"column":13}},"type":"if","locations":[{"start":{"line":209,"column":12},"end":{"line":211,"column":13}},{"start":{},"end":{}}],"line":209},"11":{"loc":{"start":{"line":217,"column":12},"end":{"line":219,"column":13}},"type":"if","locations":[{"start":{"line":217,"column":12},"end":{"line":219,"column":13}},{"start":{},"end":{}}],"line":217}},"s":{"0":0,"1":0,"2":0,"3":0,"4":0,"5":0,"6":0,"7":0,"8":0,"9":0,"10":0,"11":0,"12":0,"13":0,"14":0,"15":0,"16":0,"17":0,"18":0,"19":0,"20":0,"21":0,"22":0,"23":0,"24":0,"25":0,"26":0,"27":0,"28":0,"29":0,"30":180,"31":632,"32":16,"33":16,"34":616,"35":164,"36":164,"37":180,"38":2,"39":2,"40":0,"41":0,"42":0,"43":0,"44":0,"45":0,"46":2,"47":2,"48":0,"49":0,"50":0,"51":0,"52":0,"53":0,"54":2,"55":2,"56":2,"57":2,"58":2,"59":2,"60":4,"61":2,"62":2,"63":0,"64":0,"65":0,"66":0,"67":0,"68":0,"69":0,"70":0,"71":0,"72":0,"73":0,"74":0,"75":1,"76":1},"f":{"0":0,"1":0,"2":180,"3":632,"4":2,"5":2,"6":2,"7":0,"8":0,"9":0},"b":{"0":[16,616],"1":[164,452],"2":[616,616],"3":[2,0],"4":[0,0],"5":[0,0],"6":[2,0],"7":[0,0],"8":[0,0],"9":[2,0],"10":[2,2],"11":[0,0]},"_coverageSchema":"1a1c01bbd47fc00a2c39e90264f33305004495a9","hash":"2cf8ee0165a89f5ac1aa4ee23c5e424c3e3e061f"}
}
