TN:
SF:source\assets\scripts\RecipeCard.js
FN:4,(anonymous_0)
FN:11,(anonymous_1)
FN:146,searchForKey
FN:148,(anonymous_3)
FN:166,getUrl
FN:182,getOrganization
FN:200,convertTime
FN:233,createIngredientList
FN:245,_removeQtyAndMeasurement
FN:249,(anonymous_9)
FNF:10
FNH:5
FNDA:0,(anonymous_0)
FNDA:0,(anonymous_1)
FNDA:180,searchForKey
FNDA:632,(anonymous_3)
FNDA:2,getUrl
FNDA:2,getOrganization
FNDA:2,convertTime
FNDA:0,createIngredientList
FNDA:0,_removeQtyAndMeasurement
FNDA:0,(anonymous_9)
DA:6,0
DA:8,0
DA:13,0
DA:14,0
DA:81,0
DA:84,0
DA:98,0
DA:101,0
DA:102,0
DA:103,0
DA:105,0
DA:106,0
DA:109,0
DA:110,0
DA:111,0
DA:112,0
DA:113,0
DA:116,0
DA:117,0
DA:118,0
DA:119,0
DA:120,0
DA:122,0
DA:123,0
DA:126,0
DA:127,0
DA:128,0
DA:129,0
DA:130,0
DA:132,0
DA:148,180
DA:149,632
DA:150,16
DA:151,16
DA:153,616
DA:154,164
DA:155,164
DA:158,180
DA:167,2
DA:168,0
DA:169,0
DA:170,0
DA:173,0
DA:183,2
DA:184,0
DA:185,0
DA:186,0
DA:187,0
DA:191,0
DA:201,2
DA:204,2
DA:206,2
DA:207,2
DA:208,2
DA:209,4
DA:210,2
DA:212,2
DA:216,0
DA:217,0
DA:218,0
DA:220,0
DA:223,0
DA:234,0
DA:246,0
DA:249,0
DA:250,0
DA:251,0
DA:255,0
DA:259,1
DA:263,1
LF:70
LH:20
BRDA:149,0,0,16
BRDA:149,0,1,616
BRDA:153,1,0,164
BRDA:153,1,1,452
BRDA:153,2,0,616
BRDA:153,2,1,616
BRDA:167,3,0,2
BRDA:167,3,1,0
BRDA:168,4,0,0
BRDA:168,4,1,0
BRDA:170,5,0,0
BRDA:170,5,1,0
BRDA:183,6,0,2
BRDA:183,6,1,0
BRDA:184,7,0,0
BRDA:184,7,1,0
BRDA:186,8,0,0
BRDA:186,8,1,0
BRDA:207,9,0,2
BRDA:207,9,1,0
BRDA:209,10,0,2
BRDA:209,10,1,2
BRDA:217,11,0,0
BRDA:217,11,1,0
BRF:24
BRH:11
end_of_record
